Flow report for lab1
Tue Jan  5 13:18:46 2016
Quartus II 64-Bit Version 15.0.0 Build 145 04/22/2015 SJ Full Version


---------------------
; Table of Contents ;
---------------------
  1. Legal Notice
  2. Flow Summary
  3. Flow Settings
  4. Flow Non-Default Global Settings
  5. Flow Elapsed Time
  6. Flow OS Summary
  7. Flow Log
  8. Flow Messages
  9. Flow Suppressed Messages



----------------
; Legal Notice ;
----------------
Copyright (C) 1991-2015 Altera Corporation. All rights reserved.
Your use of Altera Corporation's design tools, logic functions 
and other software and tools, and its AMPP partner logic 
functions, and any output files from any of the foregoing 
(including device programming or simulation files), and any 
associated documentation or information are expressly subject 
to the terms and conditions of the Altera Program License 
Subscription Agreement, the Altera Quartus II License Agreement,
the Altera MegaCore Function License Agreement, or other 
applicable license agreement, including, without limitation, 
that your use is for the sole purpose of programming logic 
devices manufactured by Altera and sold by Altera or its 
authorized distributors.  Please refer to the applicable 
agreement for further details.



+-------------------------------------------------------------------------------+
; Flow Summary                                                                  ;
+---------------------------------+---------------------------------------------+
; Flow Status                     ; Successful - Tue Jan  5 13:17:36 2016       ;
; Quartus II 64-Bit Version       ; 15.0.0 Build 145 04/22/2015 SJ Full Version ;
; Revision Name                   ; lab1                                        ;
; Top-level Entity Name           ; lab1                                        ;
; Family                          ; Cyclone V                                   ;
; Device                          ; 5CSEMA5F31C6                                ;
; Timing Models                   ; Final                                       ;
; Logic utilization (in ALMs)     ; 1,494 / 32,070 ( 5 % )                      ;
; Total registers                 ; 1943                                        ;
; Total pins                      ; 139 / 457 ( 30 % )                          ;
; Total virtual pins              ; 0                                           ;
; Total block memory bits         ; 132,096 / 4,065,280 ( 3 % )                 ;
; Total DSP Blocks                ; 0 / 87 ( 0 % )                              ;
; Total HSSI RX PCSs              ; 0                                           ;
; Total HSSI PMA RX Deserializers ; 0                                           ;
; Total HSSI TX PCSs              ; 0                                           ;
; Total HSSI PMA TX Serializers   ; 0                                           ;
; Total PLLs                      ; 0 / 6 ( 0 % )                               ;
; Total DLLs                      ; 1 / 4 ( 25 % )                              ;
+---------------------------------+---------------------------------------------+


+-----------------------------------------+
; Flow Settings                           ;
+-------------------+---------------------+
; Option            ; Setting             ;
+-------------------+---------------------+
; Start date & time ; 01/05/2016 13:10:25 ;
; Main task         ; Compilation         ;
; Revision Name     ; lab1                ;
+-------------------+---------------------+


+---------------------------------------------------------------------------------------------------------------------------------------------------------------------------------+
; Flow Non-Default Global Settings                                                                                                                                                ;
+---------------------------------------+------------------------------------------------------------------------+---------------+-----------------------------------+------------+
; Assignment Name                       ; Value                                                                  ; Default Value ; Entity Name                       ; Section Id ;
+---------------------------------------+------------------------------------------------------------------------+---------------+-----------------------------------+------------+
; COMPILER_SIGNATURE_ID                 ; 203178706132678.145202822509446                                        ; --            ; --                                ; --         ;
; ECO_REGENERATE_REPORT                 ; On                                                                     ; Off           ; --                                ; --         ;
; HPS_ISW_FILE                          ; mysystem/synthesis/submodules/sequencer/sequencer_auto.pre.h           ; --            ; mysystem_Arm_A9_HPS_hps_io_border ; --         ;
; HPS_ISW_FILE                          ; mysystem/synthesis/submodules/sequencer/sequencer_auto_ac_init.pre.c   ; --            ; mysystem_Arm_A9_HPS_hps_io_border ; --         ;
; HPS_ISW_FILE                          ; mysystem/synthesis/submodules/sequencer/sequencer_auto_inst_init.pre.c ; --            ; mysystem_Arm_A9_HPS_hps_io_border ; --         ;
; HPS_ISW_FILE                          ; mysystem/synthesis/submodules/sequencer/tclrpt.pre.c                   ; --            ; mysystem_Arm_A9_HPS_hps_io_border ; --         ;
; HPS_ISW_FILE                          ; mysystem/synthesis/submodules/sequencer/system.pre.h                   ; --            ; mysystem_Arm_A9_HPS_hps_io_border ; --         ;
; HPS_ISW_FILE                          ; mysystem/synthesis/submodules/sequencer/sequencer.pre.h                ; --            ; mysystem_Arm_A9_HPS_hps_io_border ; --         ;
; HPS_ISW_FILE                          ; mysystem/synthesis/submodules/sequencer/alt_types.pre.h                ; --            ; mysystem_Arm_A9_HPS_hps_io_border ; --         ;
; HPS_ISW_FILE                          ; mysystem/synthesis/submodules/sequencer/sequencer_defines.pre.h        ; --            ; mysystem_Arm_A9_HPS_hps_io_border ; --         ;
; HPS_ISW_FILE                          ; mysystem/synthesis/submodules/sequencer/sequencer.pre.c                ; --            ; mysystem_Arm_A9_HPS_hps_io_border ; --         ;
; HPS_ISW_FILE                          ; mysystem/synthesis/submodules/sequencer/tclrpt.pre.h                   ; --            ; mysystem_Arm_A9_HPS_hps_io_border ; --         ;
; HPS_ISW_FILE                          ; mysystem/synthesis/submodules/sequencer/sdram_io.pre.h                 ; --            ; mysystem_Arm_A9_HPS_hps_io_border ; --         ;
; HPS_ISW_FILE                          ; mysystem/synthesis/submodules/sequencer/emif.pre.xml                   ; --            ; mysystem_Arm_A9_HPS_hps_io_border ; --         ;
; HPS_ISW_FILE                          ; mysystem/synthesis/submodules/hps.pre.xml                              ; --            ; mysystem_Arm_A9_HPS_hps_io_border ; --         ;
; HPS_PARTITION                         ; On                                                                     ; --            ; mysystem_Arm_A9_HPS_hps_io_border ; --         ;
; MAX_CORE_JUNCTION_TEMP                ; 85                                                                     ; --            ; --                                ; --         ;
; MIN_CORE_JUNCTION_TEMP                ; 0                                                                      ; --            ; --                                ; --         ;
; MISC_FILE                             ; mysystem/synthesis/../mysystem.cmp                                     ; --            ; --                                ; --         ;
; MISC_FILE                             ; mysystem/synthesis/mysystem_Arm_A9_HPS_hps.svd                         ; --            ; --                                ; --         ;
; MISC_FILE                             ; mysystem/synthesis/../../mysystem.qsys                                 ; --            ; --                                ; --         ;
; MISC_FILE                             ; mysystem/synthesis/submodules/sequencer/sequencer_auto.pre.h           ; --            ; --                                ; --         ;
; MISC_FILE                             ; mysystem/synthesis/submodules/sequencer/sequencer_auto_ac_init.pre.c   ; --            ; --                                ; --         ;
; MISC_FILE                             ; mysystem/synthesis/submodules/sequencer/sequencer_auto_inst_init.pre.c ; --            ; --                                ; --         ;
; MISC_FILE                             ; mysystem/synthesis/submodules/sequencer/tclrpt.pre.c                   ; --            ; --                                ; --         ;
; MISC_FILE                             ; mysystem/synthesis/submodules/sequencer/system.pre.h                   ; --            ; --                                ; --         ;
; MISC_FILE                             ; mysystem/synthesis/submodules/sequencer/sequencer.pre.h                ; --            ; --                                ; --         ;
; MISC_FILE                             ; mysystem/synthesis/submodules/sequencer/alt_types.pre.h                ; --            ; --                                ; --         ;
; MISC_FILE                             ; mysystem/synthesis/submodules/sequencer/sequencer_defines.pre.h        ; --            ; --                                ; --         ;
; MISC_FILE                             ; mysystem/synthesis/submodules/sequencer/sequencer.pre.c                ; --            ; --                                ; --         ;
; MISC_FILE                             ; mysystem/synthesis/submodules/sequencer/tclrpt.pre.h                   ; --            ; --                                ; --         ;
; MISC_FILE                             ; mysystem/synthesis/submodules/sequencer/sdram_io.pre.h                 ; --            ; --                                ; --         ;
; MISC_FILE                             ; mysystem/synthesis/submodules/sequencer/emif.pre.xml                   ; --            ; --                                ; --         ;
; MISC_FILE                             ; mysystem/synthesis/submodules/hps.pre.xml                              ; --            ; --                                ; --         ;
; PARTITION_COLOR                       ; 16764057                                                               ; --            ; --                                ; Top        ;
; PARTITION_FITTER_PRESERVATION_LEVEL   ; PLACEMENT_AND_ROUTING                                                  ; --            ; --                                ; Top        ;
; PARTITION_NETLIST_TYPE                ; SOURCE                                                                 ; --            ; --                                ; Top        ;
; PROJECT_OUTPUT_DIRECTORY              ; output_files                                                           ; --            ; --                                ; --         ;
; SLD_FILE                              ; mysystem/synthesis/mysystem.regmap                                     ; --            ; --                                ; --         ;
; SLD_FILE                              ; mysystem/synthesis/mysystem.debuginfo                                  ; --            ; --                                ; --         ;
; SLD_INFO                              ; QSYS_NAME mysystem HAS_SOPCINFO 1 GENERATION_ID 1452026986             ; --            ; mysystem                          ; --         ;
; SOPCINFO_FILE                         ; mysystem/synthesis/../../mysystem.sopcinfo                             ; --            ; --                                ; --         ;
; SYNTHESIS_ONLY_QIP                    ; On                                                                     ; --            ; --                                ; --         ;
; USE_DLL_FREQUENCY_FOR_DQS_DELAY_CHAIN ; On                                                                     ; Off           ; --                                ; --         ;
+---------------------------------------+------------------------------------------------------------------------+---------------+-----------------------------------+------------+


+-------------------------------------------------------------------------------------------------------------------------------+
; Flow Elapsed Time                                                                                                             ;
+---------------------------+--------------+-------------------------+---------------------+------------------------------------+
; Module Name               ; Elapsed Time ; Average Processors Used ; Peak Virtual Memory ; Total CPU Time (on all processors) ;
+---------------------------+--------------+-------------------------+---------------------+------------------------------------+
; Analysis & Synthesis      ; 00:00:56     ; 1.1                     ; 1394 MB             ; 00:01:13                           ;
; Fitter                    ; 00:01:59     ; 1.4                     ; 2923 MB             ; 00:02:44                           ;
; Assembler                 ; 00:00:19     ; 1.0                     ; 1118 MB             ; 00:00:17                           ;
; TimeQuest Timing Analyzer ; 00:01:04     ; 1.4                     ; 1848 MB             ; 00:01:09                           ;
; Total                     ; 00:04:18     ; --                      ; --                  ; 00:05:23                           ;
+---------------------------+--------------+-------------------------+---------------------+------------------------------------+


+--------------------------------------------------------------------------------------+
; Flow OS Summary                                                                      ;
+---------------------------+------------------+---------+------------+----------------+
; Module Name               ; Machine Hostname ; OS Name ; OS Version ; Processor type ;
+---------------------------+------------------+---------+------------+----------------+
; Analysis & Synthesis      ; redbelly         ; Red Hat ; 6          ; x86_64         ;
; Fitter                    ; redbelly         ; Red Hat ; 6          ; x86_64         ;
; Assembler                 ; redbelly         ; Red Hat ; 6          ; x86_64         ;
; TimeQuest Timing Analyzer ; redbelly         ; Red Hat ; 6          ; x86_64         ;
+---------------------------+------------------+---------+------------+----------------+


------------
; Flow Log ;
------------
quartus_map --read_settings_files=on --write_settings_files=off lab1 -c lab1
quartus_fit --read_settings_files=off --write_settings_files=off lab1 -c lab1
quartus_asm --read_settings_files=off --write_settings_files=off lab1 -c lab1
quartus_sta lab1 -c lab1



